mktextfm Arial
mktextfm Arial
mktextfm Arial
mktextfm Arial/BI
mktextfm Arial
mktextfm Arial/B
mktextfm Arial
mktextfm Arial/I
mktextfm Arial
mktextfm Arial
mktextfm Arial
mktextfm Arial
mktextfm Arial
mktextfm Arial
mktextfm Arial
mktextfm Arial
mktextfm Arial/BI
mktextfm Arial
mktextfm Arial/B
mktextfm Arial
mktextfm Arial/I
mktextfm Arial
mktextfm Arial
mktextfm Arial
mktextfm Arial
mktextfm Arial
mktextfm Futura
mktextfm Futura
mktextfm Futura
mktextfm Futura/BI
mktextfm Futura
mktextfm Futura/B
mktextfm Futura
mktextfm Futura/I
mktextfm Futura
mktextfm Futura
mktextfm Futura
mktextfm Futura
mktextfm Futura
mktextfm Futura
mktextfm Futura
mktextfm Futura
mktextfm Futura/BI
mktextfm Futura
mktextfm Futura/B
mktextfm Futura
mktextfm Futura/I
mktextfm Futura
mktextfm Futura
mktextfm Futura
mktextfm Futura
mktextfm Futura
