This is XeTeX, Version 3.14159265-2.6-0.999992 (TeX Live 2020/Arch Linux) (preloaded format=xelatex 2021.1.23)  30 JAN 2021 20:24
entering extended mode
 restricted \write18 enabled.
 %&-line parsing enabled.
**Resume_Bryce_Sampson_Technical.tex
(./Resume_Bryce_Sampson_Technical.tex
LaTeX2e <2020-10-01> patch level 2
L3 programming layer <2020-12-03> xparse <2020-03-03>
(/usr/share/texmf-dist/tex/latex/base/article.cls
Document Class: article 2020/04/10 v1.4m Standard LaTeX document class
(/usr/share/texmf-dist/tex/latex/base/size12.clo
File: size12.clo 2020/04/10 v1.4m Standard LaTeX file (size option)
)
\c@part=\count173
\c@section=\count174
\c@subsection=\count175
\c@subsubsection=\count176
\c@paragraph=\count177
\c@subparagraph=\count178
\c@figure=\count179
\c@table=\count180
\abovecaptionskip=\skip47
\belowcaptionskip=\skip48
\bibindent=\dimen138
)
(/usr/share/texmf-dist/tex/latex/geometry/geometry.sty
Package: geometry 2020/01/02 v5.9 Page Geometry

(/usr/share/texmf-dist/tex/latex/graphics/keyval.sty
Package: keyval 2014/10/28 v1.15 key=value parser (DPC)
\KV@toks@=\toks15
)
(/usr/share/texmf-dist/tex/generic/iftex/ifvtex.sty
Package: ifvtex 2019/10/25 v1.7 ifvtex legacy package. Use iftex instead.

(/usr/share/texmf-dist/tex/generic/iftex/iftex.sty
Package: iftex 2020/03/06 v1.0d TeX engine tests
))
\Gm@cnth=\count181
\Gm@cntv=\count182
\c@Gm@tempcnt=\count183
\Gm@bindingoffset=\dimen139
\Gm@wd@mp=\dimen140
\Gm@odd@mp=\dimen141
\Gm@even@mp=\dimen142
\Gm@layoutwidth=\dimen143
\Gm@layoutheight=\dimen144
\Gm@layouthoffset=\dimen145
\Gm@layoutvoffset=\dimen146
\Gm@dimlist=\toks16
)
(/usr/share/texmf-dist/tex/latex/fontspec/fontspec.sty
(/usr/share/texmf-dist/tex/latex/l3packages/xparse/xparse.sty
(/usr/share/texmf-dist/tex/latex/l3kernel/expl3.sty
Package: expl3 2020-12-03 L3 programming layer (loader) 

(/usr/share/texmf-dist/tex/latex/l3backend/l3backend-xetex.def
File: l3backend-xetex.def 2020-09-24 L3 backend support: XeTeX
\g__graphics_track_int=\count184
\l__pdf_internal_box=\box47
\g__pdf_backend_object_int=\count185
\g__pdf_backend_annotation_int=\count186
))
Package: xparse 2020-10-27 L3 Experimental document command parser

(/usr/share/texmf-dist/tex/latex/l3packages/xparse/xparse-generic.tex))
Package: fontspec 2020/02/21 v2.7i Font selection for XeLaTeX and LuaLaTeX

(/usr/share/texmf-dist/tex/latex/fontspec/fontspec-xetex.sty
Package: fontspec-xetex 2020/02/21 v2.7i Font selection for XeLaTeX and LuaLaTe
X
\l__fontspec_script_int=\count187
\l__fontspec_language_int=\count188
\l__fontspec_strnum_int=\count189
\l__fontspec_tmp_int=\count190
\l__fontspec_tmpa_int=\count191
\l__fontspec_tmpb_int=\count192
\l__fontspec_tmpc_int=\count193
\l__fontspec_em_int=\count194
\l__fontspec_emdef_int=\count195
\l__fontspec_strong_int=\count196
\l__fontspec_strongdef_int=\count197
\l__fontspec_tmpa_dim=\dimen147
\l__fontspec_tmpb_dim=\dimen148
\l__fontspec_tmpc_dim=\dimen149

(/usr/share/texmf-dist/tex/latex/base/fontenc.sty
Package: fontenc 2020/08/10 v2.0s Standard LaTeX package
)
(/usr/share/texmf-dist/tex/latex/fontspec/fontspec.cfg)))
(/usr/share/texmf-dist/tex/latex/xcolor/xcolor.sty
Package: xcolor 2016/05/11 v2.12 LaTeX color extensions (UK)

(/usr/share/texmf-dist/tex/latex/graphics-cfg/color.cfg
File: color.cfg 2016/01/02 v1.6 sample color configuration
)
Package xcolor Info: Driver file: xetex.def on input line 225.

(/usr/share/texmf-dist/tex/latex/graphics-def/xetex.def
File: xetex.def 2020/08/26 v5.0i Graphics/color driver for xetex
)
Package xcolor Info: Model `cmy' substituted by `cmy0' on input line 1348.
Package xcolor Info: Model `RGB' extended on input line 1364.
Package xcolor Info: Model `HTML' substituted by `rgb' on input line 1366.
Package xcolor Info: Model `Hsb' substituted by `hsb' on input line 1367.
Package xcolor Info: Model `tHsb' substituted by `hsb' on input line 1368.
Package xcolor Info: Model `HSB' substituted by `hsb' on input line 1369.
Package xcolor Info: Model `Gray' substituted by `gray' on input line 1370.
Package xcolor Info: Model `wave' substituted by `hsb' on input line 1371.

(/usr/share/texmf-dist/tex/latex/graphics/dvipsnam.def
File: dvipsnam.def 2016/06/17 v3.0m Driver-dependent file (DPC,SPQR)
))
(/usr/share/texmf-dist/tex/latex/pgfplots/pgfplots.sty
(/usr/share/texmf-dist/tex/generic/pgfplots/pgfplots.revision.tex)
Package: pgfplots 2020/02/29 v1.17 Data Visualization (1.17)

(/usr/share/texmf-dist/tex/latex/graphics/graphicx.sty
Package: graphicx 2020/09/09 v1.2b Enhanced LaTeX Graphics (DPC,SPQR)

(/usr/share/texmf-dist/tex/latex/graphics/graphics.sty
Package: graphics 2020/08/30 v1.4c Standard LaTeX Graphics (DPC,SPQR)

(/usr/share/texmf-dist/tex/latex/graphics/trig.sty
Package: trig 2016/01/03 v1.10 sin cos tan (DPC)
)
(/usr/share/texmf-dist/tex/latex/graphics-cfg/graphics.cfg
File: graphics.cfg 2016/06/04 v1.11 sample graphics configuration
)
Package graphics Info: Driver file: xetex.def on input line 105.
)
\Gin@req@height=\dimen150
\Gin@req@width=\dimen151
)
(/usr/share/texmf-dist/tex/latex/pgf/frontendlayer/tikz.sty
(/usr/share/texmf-dist/tex/latex/pgf/basiclayer/pgf.sty
(/usr/share/texmf-dist/tex/latex/pgf/utilities/pgfrcs.sty
(/usr/share/texmf-dist/tex/generic/pgf/utilities/pgfutil-common.tex
\pgfutil@everybye=\toks17
\pgfutil@tempdima=\dimen152
\pgfutil@tempdimb=\dimen153

(/usr/share/texmf-dist/tex/generic/pgf/utilities/pgfutil-common-lists.tex))
(/usr/share/texmf-dist/tex/generic/pgf/utilities/pgfutil-latex.def
\pgfutil@abb=\box48
)
(/usr/share/texmf-dist/tex/generic/pgf/utilities/pgfrcs.code.tex
(/usr/share/texmf-dist/tex/generic/pgf/pgf.revision.tex)
Package: pgfrcs 2020/12/01 v3.1.7a (3.1.7a)
))
Package: pgf 2020/12/01 v3.1.7a (3.1.7a)

(/usr/share/texmf-dist/tex/latex/pgf/basiclayer/pgfcore.sty
(/usr/share/texmf-dist/tex/latex/pgf/systemlayer/pgfsys.sty
(/usr/share/texmf-dist/tex/generic/pgf/systemlayer/pgfsys.code.tex
Package: pgfsys 2020/12/01 v3.1.7a (3.1.7a)

(/usr/share/texmf-dist/tex/generic/pgf/utilities/pgfkeys.code.tex
\pgfkeys@pathtoks=\toks18
\pgfkeys@temptoks=\toks19

(/usr/share/texmf-dist/tex/generic/pgf/utilities/pgfkeysfiltered.code.tex
\pgfkeys@tmptoks=\toks20
))
\pgf@x=\dimen154
\pgf@y=\dimen155
\pgf@xa=\dimen156
\pgf@ya=\dimen157
\pgf@xb=\dimen158
\pgf@yb=\dimen159
\pgf@xc=\dimen160
\pgf@yc=\dimen161
\pgf@xd=\dimen162
\pgf@yd=\dimen163
\w@pgf@writea=\write3
\r@pgf@reada=\read2
\c@pgf@counta=\count198
\c@pgf@countb=\count199
\c@pgf@countc=\count266
\c@pgf@countd=\count267
\t@pgf@toka=\toks21
\t@pgf@tokb=\toks22
\t@pgf@tokc=\toks23
\pgf@sys@id@count=\count268

(/usr/share/texmf-dist/tex/generic/pgf/systemlayer/pgf.cfg
File: pgf.cfg 2020/12/01 v3.1.7a (3.1.7a)
)
Driver file for pgf: pgfsys-xetex.def

(/usr/share/texmf-dist/tex/generic/pgf/systemlayer/pgfsys-xetex.def
File: pgfsys-xetex.def 2020/12/01 v3.1.7a (3.1.7a)

(/usr/share/texmf-dist/tex/generic/pgf/systemlayer/pgfsys-dvipdfmx.def
File: pgfsys-dvipdfmx.def 2020/12/01 v3.1.7a (3.1.7a)

(/usr/share/texmf-dist/tex/generic/pgf/systemlayer/pgfsys-common-pdf.def
File: pgfsys-common-pdf.def 2020/12/01 v3.1.7a (3.1.7a)
)
\pgfsys@objnum=\count269
)))
(/usr/share/texmf-dist/tex/generic/pgf/systemlayer/pgfsyssoftpath.code.tex
File: pgfsyssoftpath.code.tex 2020/12/01 v3.1.7a (3.1.7a)
\pgfsyssoftpath@smallbuffer@items=\count270
\pgfsyssoftpath@bigbuffer@items=\count271
)
(/usr/share/texmf-dist/tex/generic/pgf/systemlayer/pgfsysprotocol.code.tex
File: pgfsysprotocol.code.tex 2020/12/01 v3.1.7a (3.1.7a)
))
(/usr/share/texmf-dist/tex/generic/pgf/basiclayer/pgfcore.code.tex
Package: pgfcore 2020/12/01 v3.1.7a (3.1.7a)

(/usr/share/texmf-dist/tex/generic/pgf/math/pgfmath.code.tex
(/usr/share/texmf-dist/tex/generic/pgf/math/pgfmathcalc.code.tex
(/usr/share/texmf-dist/tex/generic/pgf/math/pgfmathutil.code.tex)
(/usr/share/texmf-dist/tex/generic/pgf/math/pgfmathparser.code.tex
\pgfmath@dimen=\dimen164
\pgfmath@count=\count272
\pgfmath@box=\box49
\pgfmath@toks=\toks24
\pgfmath@stack@operand=\toks25
\pgfmath@stack@operation=\toks26
)
(/usr/share/texmf-dist/tex/generic/pgf/math/pgfmathfunctions.code.tex
(/usr/share/texmf-dist/tex/generic/pgf/math/pgfmathfunctions.basic.code.tex)
(/usr/share/texmf-dist/tex/generic/pgf/math/pgfmathfunctions.trigonometric.code
.tex)
(/usr/share/texmf-dist/tex/generic/pgf/math/pgfmathfunctions.random.code.tex)
(/usr/share/texmf-dist/tex/generic/pgf/math/pgfmathfunctions.comparison.code.te
x) (/usr/share/texmf-dist/tex/generic/pgf/math/pgfmathfunctions.base.code.tex)
(/usr/share/texmf-dist/tex/generic/pgf/math/pgfmathfunctions.round.code.tex)
(/usr/share/texmf-dist/tex/generic/pgf/math/pgfmathfunctions.misc.code.tex)
(/usr/share/texmf-dist/tex/generic/pgf/math/pgfmathfunctions.integerarithmetics
.code.tex))) (/usr/share/texmf-dist/tex/generic/pgf/math/pgfmathfloat.code.tex
\c@pgfmathroundto@lastzeros=\count273
)) (/usr/share/texmf-dist/tex/generic/pgf/math/pgfint.code.tex)
(/usr/share/texmf-dist/tex/generic/pgf/basiclayer/pgfcorepoints.code.tex
File: pgfcorepoints.code.tex 2020/12/01 v3.1.7a (3.1.7a)
\pgf@picminx=\dimen165
\pgf@picmaxx=\dimen166
\pgf@picminy=\dimen167
\pgf@picmaxy=\dimen168
\pgf@pathminx=\dimen169
\pgf@pathmaxx=\dimen170
\pgf@pathminy=\dimen171
\pgf@pathmaxy=\dimen172
\pgf@xx=\dimen173
\pgf@xy=\dimen174
\pgf@yx=\dimen175
\pgf@yy=\dimen176
\pgf@zx=\dimen177
\pgf@zy=\dimen178
)
(/usr/share/texmf-dist/tex/generic/pgf/basiclayer/pgfcorepathconstruct.code.tex
File: pgfcorepathconstruct.code.tex 2020/12/01 v3.1.7a (3.1.7a)
\pgf@path@lastx=\dimen179
\pgf@path@lasty=\dimen180
) (/usr/share/texmf-dist/tex/generic/pgf/basiclayer/pgfcorepathusage.code.tex
File: pgfcorepathusage.code.tex 2020/12/01 v3.1.7a (3.1.7a)
\pgf@shorten@end@additional=\dimen181
\pgf@shorten@start@additional=\dimen182
)
(/usr/share/texmf-dist/tex/generic/pgf/basiclayer/pgfcorescopes.code.tex
File: pgfcorescopes.code.tex 2020/12/01 v3.1.7a (3.1.7a)
\pgfpic=\box50
\pgf@hbox=\box51
\pgf@layerbox@main=\box52
\pgf@picture@serial@count=\count274
)
(/usr/share/texmf-dist/tex/generic/pgf/basiclayer/pgfcoregraphicstate.code.tex
File: pgfcoregraphicstate.code.tex 2020/12/01 v3.1.7a (3.1.7a)
\pgflinewidth=\dimen183
)
(/usr/share/texmf-dist/tex/generic/pgf/basiclayer/pgfcoretransformations.code.t
ex
File: pgfcoretransformations.code.tex 2020/12/01 v3.1.7a (3.1.7a)
\pgf@pt@x=\dimen184
\pgf@pt@y=\dimen185
\pgf@pt@temp=\dimen186
) (/usr/share/texmf-dist/tex/generic/pgf/basiclayer/pgfcorequick.code.tex
File: pgfcorequick.code.tex 2020/12/01 v3.1.7a (3.1.7a)
)
(/usr/share/texmf-dist/tex/generic/pgf/basiclayer/pgfcoreobjects.code.tex
File: pgfcoreobjects.code.tex 2020/12/01 v3.1.7a (3.1.7a)
)
(/usr/share/texmf-dist/tex/generic/pgf/basiclayer/pgfcorepathprocessing.code.te
x
File: pgfcorepathprocessing.code.tex 2020/12/01 v3.1.7a (3.1.7a)
) (/usr/share/texmf-dist/tex/generic/pgf/basiclayer/pgfcorearrows.code.tex
File: pgfcorearrows.code.tex 2020/12/01 v3.1.7a (3.1.7a)
\pgfarrowsep=\dimen187
)
(/usr/share/texmf-dist/tex/generic/pgf/basiclayer/pgfcoreshade.code.tex
File: pgfcoreshade.code.tex 2020/12/01 v3.1.7a (3.1.7a)
\pgf@max=\dimen188
\pgf@sys@shading@range@num=\count275
\pgf@shadingcount=\count276
)
(/usr/share/texmf-dist/tex/generic/pgf/basiclayer/pgfcoreimage.code.tex
File: pgfcoreimage.code.tex 2020/12/01 v3.1.7a (3.1.7a)

(/usr/share/texmf-dist/tex/generic/pgf/basiclayer/pgfcoreexternal.code.tex
File: pgfcoreexternal.code.tex 2020/12/01 v3.1.7a (3.1.7a)
\pgfexternal@startupbox=\box53
))
(/usr/share/texmf-dist/tex/generic/pgf/basiclayer/pgfcorelayers.code.tex
File: pgfcorelayers.code.tex 2020/12/01 v3.1.7a (3.1.7a)
)
(/usr/share/texmf-dist/tex/generic/pgf/basiclayer/pgfcoretransparency.code.tex
File: pgfcoretransparency.code.tex 2020/12/01 v3.1.7a (3.1.7a)
) (/usr/share/texmf-dist/tex/generic/pgf/basiclayer/pgfcorepatterns.code.tex
File: pgfcorepatterns.code.tex 2020/12/01 v3.1.7a (3.1.7a)
)
(/usr/share/texmf-dist/tex/generic/pgf/basiclayer/pgfcorerdf.code.tex
File: pgfcorerdf.code.tex 2020/12/01 v3.1.7a (3.1.7a)
)))
(/usr/share/texmf-dist/tex/generic/pgf/modules/pgfmoduleshapes.code.tex
File: pgfmoduleshapes.code.tex 2020/12/01 v3.1.7a (3.1.7a)
\pgfnodeparttextbox=\box54
)
(/usr/share/texmf-dist/tex/generic/pgf/modules/pgfmoduleplot.code.tex
File: pgfmoduleplot.code.tex 2020/12/01 v3.1.7a (3.1.7a)
)
(/usr/share/texmf-dist/tex/latex/pgf/compatibility/pgfcomp-version-0-65.sty
Package: pgfcomp-version-0-65 2020/12/01 v3.1.7a (3.1.7a)
\pgf@nodesepstart=\dimen189
\pgf@nodesepend=\dimen190
)
(/usr/share/texmf-dist/tex/latex/pgf/compatibility/pgfcomp-version-1-18.sty
Package: pgfcomp-version-1-18 2020/12/01 v3.1.7a (3.1.7a)
))
(/usr/share/texmf-dist/tex/latex/pgf/utilities/pgffor.sty
(/usr/share/texmf-dist/tex/latex/pgf/utilities/pgfkeys.sty
(/usr/share/texmf-dist/tex/generic/pgf/utilities/pgfkeys.code.tex))
(/usr/share/texmf-dist/tex/latex/pgf/math/pgfmath.sty
(/usr/share/texmf-dist/tex/generic/pgf/math/pgfmath.code.tex))
(/usr/share/texmf-dist/tex/generic/pgf/utilities/pgffor.code.tex
Package: pgffor 2020/12/01 v3.1.7a (3.1.7a)

(/usr/share/texmf-dist/tex/generic/pgf/math/pgfmath.code.tex)
\pgffor@iter=\dimen191
\pgffor@skip=\dimen192
\pgffor@stack=\toks27
\pgffor@toks=\toks28
))
(/usr/share/texmf-dist/tex/generic/pgf/frontendlayer/tikz/tikz.code.tex
Package: tikz 2020/12/01 v3.1.7a (3.1.7a)

(/usr/share/texmf-dist/tex/generic/pgf/libraries/pgflibraryplothandlers.code.te
x
File: pgflibraryplothandlers.code.tex 2020/12/01 v3.1.7a (3.1.7a)
\pgf@plot@mark@count=\count277
\pgfplotmarksize=\dimen193
)
\tikz@lastx=\dimen194
\tikz@lasty=\dimen195
\tikz@lastxsaved=\dimen196
\tikz@lastysaved=\dimen197
\tikz@lastmovetox=\dimen198
\tikz@lastmovetoy=\dimen199
\tikzleveldistance=\dimen256
\tikzsiblingdistance=\dimen257
\tikz@figbox=\box55
\tikz@figbox@bg=\box56
\tikz@tempbox=\box57
\tikz@tempbox@bg=\box58
\tikztreelevel=\count278
\tikznumberofchildren=\count279
\tikznumberofcurrentchild=\count280
\tikz@fig@count=\count281
 (/usr/share/texmf-dist/tex/generic/pgf/modules/pgfmodulematrix.code.tex
File: pgfmodulematrix.code.tex 2020/12/01 v3.1.7a (3.1.7a)
\pgfmatrixcurrentrow=\count282
\pgfmatrixcurrentcolumn=\count283
\pgf@matrix@numberofcolumns=\count284
)
\tikz@expandcount=\count285

(/usr/share/texmf-dist/tex/generic/pgf/frontendlayer/tikz/libraries/tikzlibrary
topaths.code.tex
File: tikzlibrarytopaths.code.tex 2020/12/01 v3.1.7a (3.1.7a)
)))
(/usr/share/texmf-dist/tex/generic/pgfplots/pgfplots.code.tex
(/usr/share/texmf-dist/tex/generic/pgfplots/pgfplotscore.code.tex
\t@pgfplots@toka=\toks29
\t@pgfplots@tokb=\toks30
\t@pgfplots@tokc=\toks31
\pgfplots@tmpa=\dimen258
\c@pgfplots@coordindex=\count286
\c@pgfplots@scanlineindex=\count287

(/usr/share/texmf-dist/tex/generic/pgfplots/sys/pgfplotssysgeneric.code.tex))
(/usr/share/texmf-dist/tex/generic/pgfplots/libs/pgfplotslibrary.code.tex)
(/usr/share/texmf-dist/tex/generic/pgfplots/oldpgfcompatib/pgfplotsoldpgfsupp_l
oader.code.tex
(/usr/share/texmf-dist/tex/generic/pgf/libraries/pgflibraryfpu.code.tex))
(/usr/share/texmf-dist/tex/generic/pgfplots/util/pgfplotsutil.code.tex
(/usr/share/texmf-dist/tex/generic/pgfplots/liststructure/pgfplotsliststructure
.code.tex)
(/usr/share/texmf-dist/tex/generic/pgfplots/liststructure/pgfplotsliststructure
ext.code.tex)
(/usr/share/texmf-dist/tex/generic/pgfplots/liststructure/pgfplotsarray.code.te
x
\c@pgfplotsarray@tmp=\count288
)
(/usr/share/texmf-dist/tex/generic/pgfplots/liststructure/pgfplotsmatrix.code.t
ex)
(/usr/share/texmf-dist/tex/generic/pgfplots/numtable/pgfplotstableshared.code.t
ex
\c@pgfplotstable@counta=\count289
\t@pgfplotstable@a=\toks32
)
(/usr/share/texmf-dist/tex/generic/pgfplots/liststructure/pgfplotsdeque.code.te
x) (/usr/share/texmf-dist/tex/generic/pgfplots/util/pgfplotsbinary.code.tex
(/usr/share/texmf-dist/tex/generic/pgfplots/util/pgfplotsbinary.data.code.tex))
(/usr/share/texmf-dist/tex/generic/pgfplots/util/pgfplotsutil.verb.code.tex)
(/usr/share/texmf-dist/tex/generic/pgfplots/libs/pgflibrarypgfplots.surfshading
.code.tex
\c@pgfplotslibrarysurf@no=\count290

(/usr/share/texmf-dist/tex/generic/pgfplots/sys/pgflibrarypgfplots.surfshading.
pgfsys-xetex.def
(/usr/share/texmf-dist/tex/generic/pgfplots/sys/pgflibrarypgfplots.surfshading.
pgfsys-dvipdfmx.def
\c@pgfplotslibrarysurf@streamlen=\count291
))))
(/usr/share/texmf-dist/tex/generic/pgfplots/util/pgfplotscolormap.code.tex
(/usr/share/texmf-dist/tex/generic/pgfplots/util/pgfplotscolor.code.tex))
(/usr/share/texmf-dist/tex/generic/pgfplots/pgfplotsstackedplots.code.tex)
(/usr/share/texmf-dist/tex/generic/pgfplots/pgfplotsplothandlers.code.tex
(/usr/share/texmf-dist/tex/generic/pgfplots/pgfplotsmeshplothandler.code.tex
(/usr/share/texmf-dist/tex/generic/pgfplots/pgfplotsmeshplotimage.code.tex)))
(/usr/share/texmf-dist/tex/generic/pgfplots/pgfplots.scaling.code.tex)
(/usr/share/texmf-dist/tex/generic/pgfplots/pgfplotscoordprocessing.code.tex)
(/usr/share/texmf-dist/tex/generic/pgfplots/pgfplots.errorbars.code.tex)
(/usr/share/texmf-dist/tex/generic/pgfplots/pgfplots.markers.code.tex)
(/usr/share/texmf-dist/tex/generic/pgfplots/pgfplotsticks.code.tex)
(/usr/share/texmf-dist/tex/generic/pgfplots/pgfplots.paths.code.tex)
(/usr/share/texmf-dist/tex/generic/pgf/frontendlayer/tikz/libraries/tikzlibrary
decorations.code.tex
(/usr/share/texmf-dist/tex/generic/pgf/modules/pgfmoduledecorations.code.tex
\pgfdecoratedcompleteddistance=\dimen259
\pgfdecoratedremainingdistance=\dimen260
\pgfdecoratedinputsegmentcompleteddistance=\dimen261
\pgfdecoratedinputsegmentremainingdistance=\dimen262
\pgf@decorate@distancetomove=\dimen263
\pgf@decorate@repeatstate=\count292
\pgfdecorationsegmentamplitude=\dimen264
\pgfdecorationsegmentlength=\dimen265
)
\tikz@lib@dec@box=\box59
)
(/usr/share/texmf-dist/tex/generic/pgf/frontendlayer/tikz/libraries/tikzlibrary
decorations.pathmorphing.code.tex
(/usr/share/texmf-dist/tex/generic/pgf/libraries/decorations/pgflibrarydecorati
ons.pathmorphing.code.tex))
(/usr/share/texmf-dist/tex/generic/pgf/frontendlayer/tikz/libraries/tikzlibrary
decorations.pathreplacing.code.tex
(/usr/share/texmf-dist/tex/generic/pgf/libraries/decorations/pgflibrarydecorati
ons.pathreplacing.code.tex))
\pgfplots@numplots=\count293
\pgfplots@xmin@reg=\dimen266
\pgfplots@xmax@reg=\dimen267
\pgfplots@ymin@reg=\dimen268
\pgfplots@ymax@reg=\dimen269
\pgfplots@zmin@reg=\dimen270
\pgfplots@zmax@reg=\dimen271
)
(/usr/share/texmf-dist/tex/generic/pgf/frontendlayer/tikz/libraries/tikzlibrary
plotmarks.code.tex
File: tikzlibraryplotmarks.code.tex 2020/12/01 v3.1.7a (3.1.7a)

(/usr/share/texmf-dist/tex/generic/pgf/libraries/pgflibraryplotmarks.code.tex
File: pgflibraryplotmarks.code.tex 2020/12/01 v3.1.7a (3.1.7a)
))) (/usr/share/texmf-dist/tex/latex/tools/multicol.sty
Package: multicol 2019/12/09 v1.8y multicolumn formatting (FMi)
\c@tracingmulticols=\count294
\mult@box=\box60
\multicol@leftmargin=\dimen272
\c@unbalance=\count295
\c@collectmore=\count296
\doublecol@number=\count297
\multicoltolerance=\count298
\multicolpretolerance=\count299
\full@width=\dimen273
\page@free=\dimen274
\premulticols=\dimen275
\postmulticols=\dimen276
\multicolsep=\skip49
\multicolbaselineskip=\skip50
\partial@page=\box61
\last@line=\box62
\maxbalancingoverflow=\dimen277
\mult@rightbox=\box63
\mult@grightbox=\box64
\mult@gfirstbox=\box65
\mult@firstbox=\box66
\@tempa=\box67
\@tempa=\box68
\@tempa=\box69
\@tempa=\box70
\@tempa=\box71
\@tempa=\box72
\@tempa=\box73
\@tempa=\box74
\@tempa=\box75
\@tempa=\box76
\@tempa=\box77
\@tempa=\box78
\@tempa=\box79
\@tempa=\box80
\@tempa=\box81
\@tempa=\box82
\@tempa=\box83
\@tempa=\box84
\@tempa=\box85
\@tempa=\box86
\@tempa=\box87
\@tempa=\box88
\@tempa=\box89
\@tempa=\box90
\@tempa=\box91
\@tempa=\box92
\@tempa=\box93
\@tempa=\box94
\@tempa=\box95
\@tempa=\box96
\@tempa=\box97
\@tempa=\box98
\@tempa=\box99
\@tempa=\box100
\@tempa=\box101
\@tempa=\box102
\@tempa=\box103
\c@minrows=\count300
\c@columnbadness=\count301
\c@finalcolumnbadness=\count302
\last@try=\dimen278
\multicolovershoot=\dimen279
\multicolundershoot=\dimen280
\mult@nat@firstbox=\box104
\colbreak@box=\box105
\mc@col@check@num=\count303
)
(/usr/share/texmf-dist/tex/latex/eso-pic/eso-pic.sty
Package: eso-pic 2020/10/14 v3.0a eso-pic (RN)
\ESO@tempdima=\dimen281
\ESO@tempdimb=\dimen282
)
(/usr/share/texmf-dist/tex/latex/koma-script/scrextend.sty
Package: scrextend 2020/09/21 v3.32 KOMA-Script package (extend other classes w
ith features of KOMA-Script classes)

(/usr/share/texmf-dist/tex/latex/koma-script/scrkbase.sty
Package: scrkbase 2020/09/21 v3.32 KOMA-Script package (KOMA-Script-dependent b
asics and keyval usage)

(/usr/share/texmf-dist/tex/latex/koma-script/scrbase.sty
Package: scrbase 2020/09/21 v3.32 KOMA-Script package (KOMA-Script-independent 
basics and keyval usage)

(/usr/share/texmf-dist/tex/latex/koma-script/scrlfile.sty
Package: scrlfile 2020/09/21 v3.32 KOMA-Script package (file load hooks)

(/usr/share/texmf-dist/tex/latex/koma-script/scrlfile-hook.sty
Package: scrlfile-hook 2020/09/21 v3.32 KOMA-Script package (using LaTeX hooks)


(/usr/share/texmf-dist/tex/latex/koma-script/scrlogo.sty
Package: scrlogo 2020/09/21 v3.32 KOMA-Script package (logo)
))))))
(/usr/share/texmf-dist/tex/latex/setspace/setspace.sty
Package: setspace 2011/12/19 v6.7a set line spacing
)
(/usr/share/texmf-dist/tex/latex/wasysym/wasysym.sty
Package: wasysym 2020/01/19 v2.4 Wasy-2 symbol support package
\symwasy=\mathgroup4
LaTeX Font Info:    Overwriting symbol font `wasy' in version `bold'
(Font)                  U/wasy/m/n --> U/wasy/b/n on input line 93.
)
(/usr/share/texmf-dist/tex/latex/tcolorbox/tcolorbox.sty
Package: tcolorbox 2020/10/09 version 4.42 text color boxes

(/usr/share/texmf-dist/tex/latex/tools/verbatim.sty
Package: verbatim 2020-07-07 v1.5u LaTeX2e package for verbatim enhancements
\every@verbatim=\toks33
\verbatim@line=\toks34
\verbatim@in@stream=\read3
)
(/usr/share/texmf-dist/tex/latex/environ/environ.sty
Package: environ 2014/05/04 v0.3 A new way to define environments

(/usr/share/texmf-dist/tex/latex/trimspaces/trimspaces.sty
Package: trimspaces 2009/09/17 v1.1 Trim spaces around a token list
)
\@envbody=\toks35
)
(/usr/share/texmf-dist/tex/latex/etoolbox/etoolbox.sty
Package: etoolbox 2020/10/05 v2.5k e-TeX tools for LaTeX (JAW)
\etb@tempcnta=\count304
)
\tcb@titlebox=\box106
\tcb@upperbox=\box107
\tcb@lowerbox=\box108
\tcb@phantombox=\box109
\c@tcbbreakpart=\count305
\c@tcblayer=\count306
\c@tcolorbox@number=\count307
\tcb@temp=\box110
\tcb@temp=\box111
\tcb@temp=\box112
\tcb@temp=\box113
\tcb@out=\write4
\tcb@record@out=\write5
)
(./Resume_Bryce_Sampson_Technical.aux)
LaTeX Font Info:    Checking defaults for OML/cmm/m/it on input line 39.
LaTeX Font Info:    ... okay on input line 39.
LaTeX Font Info:    Checking defaults for OMS/cmsy/m/n on input line 39.
LaTeX Font Info:    ... okay on input line 39.
LaTeX Font Info:    Checking defaults for OT1/cmr/m/n on input line 39.
LaTeX Font Info:    ... okay on input line 39.
LaTeX Font Info:    Checking defaults for T1/cmr/m/n on input line 39.
LaTeX Font Info:    ... okay on input line 39.
LaTeX Font Info:    Checking defaults for TS1/cmr/m/n on input line 39.
LaTeX Font Info:    Trying to load font information for TS1+cmr on input line 3
9.

(/usr/share/texmf-dist/tex/latex/base/ts1cmr.fd
File: ts1cmr.fd 2019/12/16 v2.5j Standard LaTeX font definitions
)
LaTeX Font Info:    ... okay on input line 39.
LaTeX Font Info:    Checking defaults for TU/lmr/m/n on input line 39.
LaTeX Font Info:    ... okay on input line 39.
LaTeX Font Info:    Checking defaults for OMX/cmex/m/n on input line 39.
LaTeX Font Info:    ... okay on input line 39.
LaTeX Font Info:    Checking defaults for U/cmr/m/n on input line 39.
LaTeX Font Info:    ... okay on input line 39.

*geometry* driver: auto-detecting
*geometry* detected driver: xetex
*geometry* verbose mode - [ preamble ] result:
* driver: xetex
* paper: letterpaper
* layout: <same size as paper>
* layoutoffset:(h,v)=(0.0pt,0.0pt)
* modes: 
* h-part:(L,W,R)=(36.135pt, 542.02501pt, 36.135pt)
* v-part:(T,H,B)=(36.135pt, 722.7pt, 36.135pt)
* \paperwidth=614.295pt
* \paperheight=794.96999pt
* \textwidth=542.02501pt
* \textheight=722.7pt
* \oddsidemargin=-36.135pt
* \evensidemargin=-36.135pt
* \topmargin=-73.135pt
* \headheight=12.0pt
* \headsep=25.0pt
* \topskip=12.0pt
* \footskip=30.0pt
* \marginparwidth=44.0pt
* \marginparsep=10.0pt
* \columnsep=10.0pt
* \skip\footins=10.8pt plus 4.0pt minus 2.0pt
* \hoffset=0.0pt
* \voffset=0.0pt
* \mag=1000
* \@twocolumnfalse
* \@twosidefalse
* \@mparswitchfalse
* \@reversemarginfalse
* (1in=72.27pt=25.4mm, 1cm=28.453pt)


Package fontspec Info: Adjusting the maths setup (use [no-math] to avoid
(fontspec)             this).

\symlegacymaths=\mathgroup5
LaTeX Font Info:    Overwriting symbol font `legacymaths' in version `bold'
(Font)                  OT1/cmr/m/n --> OT1/cmr/bx/n on input line 39.
LaTeX Font Info:    Redeclaring math accent \acute on input line 39.
LaTeX Font Info:    Redeclaring math accent \grave on input line 39.
LaTeX Font Info:    Redeclaring math accent \ddot on input line 39.
LaTeX Font Info:    Redeclaring math accent \tilde on input line 39.
LaTeX Font Info:    Redeclaring math accent \bar on input line 39.
LaTeX Font Info:    Redeclaring math accent \breve on input line 39.
LaTeX Font Info:    Redeclaring math accent \check on input line 39.
LaTeX Font Info:    Redeclaring math accent \hat on input line 39.
LaTeX Font Info:    Redeclaring math accent \dot on input line 39.
LaTeX Font Info:    Redeclaring math accent \mathring on input line 39.
LaTeX Font Info:    Redeclaring math symbol \colon on input line 39.
LaTeX Font Info:    Redeclaring math symbol \Gamma on input line 39.
LaTeX Font Info:    Redeclaring math symbol \Delta on input line 39.
LaTeX Font Info:    Redeclaring math symbol \Theta on input line 39.
LaTeX Font Info:    Redeclaring math symbol \Lambda on input line 39.
LaTeX Font Info:    Redeclaring math symbol \Xi on input line 39.
LaTeX Font Info:    Redeclaring math symbol \Pi on input line 39.
LaTeX Font Info:    Redeclaring math symbol \Sigma on input line 39.
LaTeX Font Info:    Redeclaring math symbol \Upsilon on input line 39.
LaTeX Font Info:    Redeclaring math symbol \Phi on input line 39.
LaTeX Font Info:    Redeclaring math symbol \Psi on input line 39.
LaTeX Font Info:    Redeclaring math symbol \Omega on input line 39.
LaTeX Font Info:    Redeclaring math symbol \mathdollar on input line 39.
LaTeX Font Info:    Redeclaring symbol font `operators' on input line 39.
LaTeX Font Info:    Encoding `OT1' has changed to `TU' for symbol font
(Font)              `operators' in the math version `normal' on input line 39.
LaTeX Font Info:    Overwriting symbol font `operators' in version `normal'
(Font)                  OT1/cmr/m/n --> TU/lmr/m/n on input line 39.
LaTeX Font Info:    Encoding `OT1' has changed to `TU' for symbol font
(Font)              `operators' in the math version `bold' on input line 39.
LaTeX Font Info:    Overwriting symbol font `operators' in version `bold'
(Font)                  OT1/cmr/bx/n --> TU/lmr/m/n on input line 39.
LaTeX Font Info:    Overwriting symbol font `operators' in version `normal'
(Font)                  TU/lmr/m/n --> TU/lmr/m/n on input line 39.
LaTeX Font Info:    Overwriting math alphabet `\mathit' in version `normal'
(Font)                  OT1/cmr/m/it --> TU/lmr/m/it on input line 39.
LaTeX Font Info:    Overwriting math alphabet `\mathbf' in version `normal'
(Font)                  OT1/cmr/bx/n --> TU/lmr/b/n on input line 39.
LaTeX Font Info:    Overwriting math alphabet `\mathsf' in version `normal'
(Font)                  OT1/cmss/m/n --> TU/lmss/m/n on input line 39.
LaTeX Font Info:    Overwriting math alphabet `\mathtt' in version `normal'
(Font)                  OT1/cmtt/m/n --> TU/lmtt/m/n on input line 39.
LaTeX Font Info:    Overwriting symbol font `operators' in version `bold'
(Font)                  TU/lmr/m/n --> TU/lmr/b/n on input line 39.
LaTeX Font Info:    Overwriting math alphabet `\mathit' in version `bold'
(Font)                  OT1/cmr/bx/it --> TU/lmr/b/it on input line 39.
LaTeX Font Info:    Overwriting math alphabet `\mathsf' in version `bold'
(Font)                  OT1/cmss/bx/n --> TU/lmss/b/n on input line 39.
LaTeX Font Info:    Overwriting math alphabet `\mathtt' in version `bold'
(Font)                  OT1/cmtt/m/n --> TU/lmtt/b/n on input line 39.
Package pgfplots notification 'compat/show suggested version=true': you might b
enefit from \pgfplotsset{compat=1.17} (current compat level: 1.8).


Package fontspec Info: Could not resolve font "Futura PT/I" (it probably
(fontspec)             doesn't exist).


Package fontspec Info: Font family 'FuturaPT(0)' created for font 'Futura PT'
(fontspec)             with options [Ligatures=TeX].
(fontspec)              
(fontspec)              This font family consists of the following NFSS
(fontspec)             series/shapes:
(fontspec)              
(fontspec)             - 'normal' (m/n) with NFSS spec.: <->"Futura
(fontspec)             PT/OT:script=latn;language=dflt;mapping=tex-text;"
(fontspec)             - 'small caps'  (m/sc) with NFSS spec.: 
(fontspec)             - 'bold' (b/n) with NFSS spec.: <->"Futura
(fontspec)             PT/B/OT:script=latn;language=dflt;mapping=tex-text;"
(fontspec)             - 'bold small caps'  (b/sc) with NFSS spec.: 
(fontspec)             - 'bold italic' (b/it) with NFSS spec.: <->"Futura
(fontspec)             PT/BI/OT:script=latn;language=dflt;mapping=tex-text;"
(fontspec)             - 'bold italic small caps'  (b/scit) with NFSS spec.: 

LaTeX Font Info:    External font `cmex10' loaded for size
(Font)              <12> on input line 97.
LaTeX Font Info:    External font `cmex10' loaded for size
(Font)              <8> on input line 97.
LaTeX Font Info:    External font `cmex10' loaded for size
(Font)              <6> on input line 97.
LaTeX Font Info:    Trying to load font information for U+wasy on input line 97
.
(/usr/share/texmf-dist/tex/latex/wasysym/uwasy.fd
File: uwasy.fd 2020/01/19 v2.4 Wasy-2 symbol font definitions
)
Overfull \hbox (19.07199pt too wide) in paragraph at lines 97--102
 [] 
 []

[1

] (./Resume_Bryce_Sampson_Technical.aux) ) 
Here is how much of TeX's memory you used:
 27331 strings out of 477299
 730246 string characters out of 5838338
 1183941 words of memory out of 5000000
 46542 multiletter control sequences out of 15000+600000
 406975 words of font info for 58 fonts, out of 8000000 for 9000
 1348 hyphenation exceptions out of 8191
 106i,10n,111p,750b,546s stack positions out of 5000i,500n,10000p,200000b,80000s

Output written on Resume_Bryce_Sampson_Technical.pdf (1 page).
